# JRE version: Java(TM) SE Runtime Environment (8.0_171-b11) (build 1.8.0_171-b11)
# Java VM: Java HotSpot(TM) 64-Bit Server VM (25.171-b11 mixed mode bsd-amd64 compressed oops)
Heap:
 PSYoungGen      total 249344K, used 182561K [0x00000007aab00000, 0x00000007bda80000, 0x00000007c0000000)
  eden space 197120K, 86% used [0x00000007aab00000,0x00000007b51f6810,0x00000007b6b80000)
  from space 52224K, 22% used [0x00000007b6b80000,0x00000007b76d1cf0,0x00000007b9e80000)
  to   space 50688K, 0% used [0x00000007ba900000,0x00000007ba900000,0x00000007bda80000)
 ParOldGen       total 682496K, used 225250K [0x0000000780000000, 0x00000007a9a80000, 0x00000007aab00000)
  object space 682496K, 33% used [0x0000000780000000,0x000000078dbf8a80,0x00000007a9a80000)
 Metaspace       used 91928K, capacity 95950K, committed 96256K, reserved 1134592K
  class space    used 10396K, capacity 11680K, committed 11776K, reserved 1048576K
GC Heap History (10 events):
Event: 1778.866 GC heap before
{Heap before GC invocations=60 (full 3):
 PSYoungGen      total 235008K, used 191053K [0x00000007aab00000, 0x00000007bce80000, 0x00000007c0000000)
  eden space 178688K, 100% used [0x00000007aab00000,0x00000007b5980000,0x00000007b5980000)
  from space 56320K, 21% used [0x00000007b9780000,0x00000007ba393500,0x00000007bce80000)
  to   space 59904K, 0% used [0x00000007b5980000,0x00000007b5980000,0x00000007b9400000)
 ParOldGen       total 682496K, used 222214K [0x0000000780000000, 0x00000007a9a80000, 0x00000007aab00000)
  object space 682496K, 32% used [0x0000000780000000,0x000000078d901b10,0x00000007a9a80000)
 Metaspace       used 91128K, capacity 94870K, committed 94976K, reserved 1132544K
  class space    used 10337K, capacity 11504K, committed 11520K, reserved 1048576K
Event: 1778.883 GC heap after
Heap after GC invocations=60 (full 3):
 PSYoungGen      total 238592K, used 24633K [0x00000007aab00000, 0x00000007bd280000, 0x00000007c0000000)
  eden space 178688K, 0% used [0x00000007aab00000,0x00000007aab00000,0x00000007b5980000)
  from space 59904K, 41% used [0x00000007b5980000,0x00000007b718e778,0x00000007b9400000)
  to   space 56832K, 0% used [0x00000007b9b00000,0x00000007b9b00000,0x00000007bd280000)
 ParOldGen       total 682496K, used 223926K [0x0000000780000000, 0x00000007a9a80000, 0x00000007aab00000)
  object space 682496K, 32% used [0x0000000780000000,0x000000078daada50,0x00000007a9a80000)
 Metaspace       used 91128K, capacity 94870K, committed 94976K, reserved 1132544K
  class space    used 10337K, capacity 11504K, committed 11520K, reserved 1048576K
}
Event: 1813.329 GC heap before
{Heap before GC invocations=61 (full 3):
 PSYoungGen      total 238592K, used 203321K [0x00000007aab00000, 0x00000007bd280000, 0x00000007c0000000)
  eden space 178688K, 100% used [0x00000007aab00000,0x00000007b5980000,0x00000007b5980000)
  from space 59904K, 41% used [0x00000007b5980000,0x00000007b718e778,0x00000007b9400000)
  to   space 56832K, 0% used [0x00000007b9b00000,0x00000007b9b00000,0x00000007bd280000)
 ParOldGen       total 682496K, used 223926K [0x0000000780000000, 0x00000007a9a80000, 0x00000007aab00000)
  object space 682496K, 32% used [0x0000000780000000,0x000000078daada50,0x00000007a9a80000)
 Metaspace       used 91138K, capacity 94888K, committed 94976K, reserved 1132544K
  class space    used 10339K, capacity 11507K, committed 11520K, reserved 1048576K
Event: 1813.363 GC heap after
Heap after GC invocations=61 (full 3):
 PSYoungGen      total 238592K, used 11972K [0x00000007aab00000, 0x00000007bcd80000, 0x00000007c0000000)
  eden space 186880K, 0% used [0x00000007aab00000,0x00000007aab00000,0x00000007b6180000)
  from space 51712K, 23% used [0x00000007b9b00000,0x00000007ba6b13e8,0x00000007bcd80000)
  to   space 55296K, 0% used [0x00000007b6180000,0x00000007b6180000,0x00000007b9780000)
 ParOldGen       total 682496K, used 225154K [0x0000000780000000, 0x00000007a9a80000, 0x00000007aab00000)
  object space 682496K, 32% used [0x0000000780000000,0x000000078dbe0a80,0x00000007a9a80000)
 Metaspace       used 91138K, capacity 94888K, committed 94976K, reserved 1132544K
  class space    used 10339K, capacity 11507K, committed 11520K, reserved 1048576K
}
Event: 1813.849 GC heap before
{Heap before GC invocations=62 (full 3):
 PSYoungGen      total 238592K, used 198852K [0x00000007aab00000, 0x00000007bcd80000, 0x00000007c0000000)
  eden space 186880K, 100% used [0x00000007aab00000,0x00000007b6180000,0x00000007b6180000)
  from space 51712K, 23% used [0x00000007b9b00000,0x00000007ba6b13e8,0x00000007bcd80000)
  to   space 55296K, 0% used [0x00000007b6180000,0x00000007b6180000,0x00000007b9780000)
 ParOldGen       total 682496K, used 225154K [0x0000000780000000, 0x00000007a9a80000, 0x00000007aab00000)
  object space 682496K, 32% used [0x0000000780000000,0x000000078dbe0a80,0x00000007a9a80000)
 Metaspace       used 91138K, capacity 94888K, committed 94976K, reserved 1132544K
  class space    used 10339K, capacity 11507K, committed 11520K, reserved 1048576K
Event: 1813.867 GC heap after
Heap after GC invocations=62 (full 3):
 PSYoungGen      total 242176K, used 24591K [0x00000007aab00000, 0x00000007bd480000, 0x00000007c0000000)
  eden space 186880K, 0% used [0x00000007aab00000,0x00000007aab00000,0x00000007b6180000)
  from space 55296K, 44% used [0x00000007b6180000,0x00000007b7983eb0,0x00000007b9780000)
  to   space 52736K, 0% used [0x00000007ba100000,0x00000007ba100000,0x00000007bd480000)
 ParOldGen       total 682496K, used 225186K [0x0000000780000000, 0x00000007a9a80000, 0x00000007aab00000)
  object space 682496K, 32% used [0x0000000780000000,0x000000078dbe8a80,0x00000007a9a80000)
 Metaspace       used 91138K, capacity 94888K, committed 94976K, reserved 1132544K
  class space    used 10339K, capacity 11507K, committed 11520K, reserved 1048576K
}
Event: 1822.612 GC heap before
{Heap before GC invocations=63 (full 3):
 PSYoungGen      total 242176K, used 211471K [0x00000007aab00000, 0x00000007bd480000, 0x00000007c0000000)
  eden space 186880K, 100% used [0x00000007aab00000,0x00000007b6180000,0x00000007b6180000)
  from space 55296K, 44% used [0x00000007b6180000,0x00000007b7983eb0,0x00000007b9780000)
  to   space 52736K, 0% used [0x00000007ba100000,0x00000007ba100000,0x00000007bd480000)
 ParOldGen       total 682496K, used 225186K [0x0000000780000000, 0x00000007a9a80000, 0x00000007aab00000)
  object space 682496K, 32% used [0x0000000780000000,0x000000078dbe8a80,0x00000007a9a80000)
 Metaspace       used 91373K, capacity 95168K, committed 95360K, reserved 1132544K
  class space    used 10355K, capacity 11553K, committed 11648K, reserved 1048576K
Event: 1822.622 GC heap after
Heap after GC invocations=63 (full 3):
 PSYoungGen      total 246784K, used 10468K [0x00000007aab00000, 0x00000007bd180000, 0x00000007c0000000)
  eden space 197120K, 0% used [0x00000007aab00000,0x00000007aab00000,0x00000007b6b80000)
  from space 49664K, 21% used [0x00000007ba100000,0x00000007bab39150,0x00000007bd180000)
  to   space 52224K, 0% used [0x00000007b6b80000,0x00000007b6b80000,0x00000007b9e80000)
 ParOldGen       total 682496K, used 225234K [0x0000000780000000, 0x00000007a9a80000, 0x00000007aab00000)
  object space 682496K, 33% used [0x0000000780000000,0x000000078dbf4a80,0x00000007a9a80000)
 Metaspace       used 91373K, capacity 95168K, committed 95360K, reserved 1132544K
  class space    used 10355K, capacity 11553K, committed 11648K, reserved 1048576K
}
Event: 1822.915 GC heap before
{Heap before GC invocations=64 (full 3):
 PSYoungGen      total 246784K, used 199645K [0x00000007aab00000, 0x00000007bd180000, 0x00000007c0000000)
  eden space 197120K, 95% used [0x00000007aab00000,0x00000007b63be4a8,0x00000007b6b80000)
  from space 49664K, 21% used [0x00000007ba100000,0x00000007bab39150,0x00000007bd180000)
  to   space 52224K, 0% used [0x00000007b6b80000,0x00000007b6b80000,0x00000007b9e80000)
 ParOldGen       total 682496K, used 225234K [0x0000000780000000, 0x00000007a9a80000, 0x00000007aab00000)
  object space 682496K, 33% used [0x0000000780000000,0x000000078dbf4a80,0x00000007a9a80000)
 Metaspace       used 91528K, capacity 95424K, committed 95616K, reserved 1132544K
  class space    used 10368K, capacity 11601K, committed 11648K, reserved 1048576K
Event: 1822.922 GC heap after
Heap after GC invocations=64 (full 3):
 PSYoungGen      total 249344K, used 11591K [0x00000007aab00000, 0x00000007bda80000, 0x00000007c0000000)
  eden space 197120K, 0% used [0x00000007aab00000,0x00000007aab00000,0x00000007b6b80000)
  from space 52224K, 22% used [0x00000007b6b80000,0x00000007b76d1cf0,0x00000007b9e80000)
  to   space 50688K, 0% used [0x00000007ba900000,0x00000007ba900000,0x00000007bda80000)
 ParOldGen       total 682496K, used 225250K [0x0000000780000000, 0x00000007a9a80000, 0x00000007aab00000)
  object space 682496K, 33% used [0x0000000780000000,0x000000078dbf8a80,0x00000007a9a80000)
 Metaspace       used 91528K, capacity 95424K, committed 95616K, reserved 1132544K
  class space    used 10368K, capacity 11601K, committed 11648K, reserved 1048576K
}

