# JRE version: Java(TM) SE Runtime Environment (8.0_171-b11) (build 1.8.0_171-b11)
# Java VM: Java HotSpot(TM) 64-Bit Server VM (25.171-b11 mixed mode bsd-amd64 compressed oops)
Heap:
 PSYoungGen      total 261120K, used 87837K [0x00000007aab00000, 0x00000007bfc00000, 0x00000007c0000000)
  eden space 179712K, 33% used [0x00000007aab00000,0x00000007ae5dc528,0x00000007b5a80000)
  from space 81408K, 33% used [0x00000007b5a80000,0x00000007b756b188,0x00000007baa00000)
  to   space 79360K, 0% used [0x00000007bae80000,0x00000007bae80000,0x00000007bfc00000)
 ParOldGen       total 699392K, used 366813K [0x0000000780000000, 0x00000007aab00000, 0x00000007aab00000)
  object space 699392K, 52% used [0x0000000780000000,0x00000007966375b0,0x00000007aab00000)
 Metaspace       used 116603K, capacity 121358K, committed 121472K, reserved 1157120K
  class space    used 11316K, capacity 12883K, committed 12928K, reserved 1048576K
GC Heap History (10 events):
Event: 392.540 GC heap before
{Heap before GC invocations=57 (full 4):
 PSYoungGen      total 251392K, used 195488K [0x00000007aab00000, 0x00000007bf700000, 0x00000007c0000000)
  eden space 160768K, 100% used [0x00000007aab00000,0x00000007b4800000,0x00000007b4800000)
  from space 90624K, 38% used [0x00000007b9e00000,0x00000007bbfe8348,0x00000007bf680000)
  to   space 88064K, 0% used [0x00000007b4800000,0x00000007b4800000,0x00000007b9e00000)
 ParOldGen       total 699392K, used 351623K [0x0000000780000000, 0x00000007aab00000, 0x00000007aab00000)
  object space 699392K, 50% used [0x0000000780000000,0x0000000795761e48,0x00000007aab00000)
 Metaspace       used 115319K, capacity 119766K, committed 120064K, reserved 1157120K
  class space    used 11204K, capacity 12691K, committed 12800K, reserved 1048576K
Event: 392.562 GC heap after
Heap after GC invocations=57 (full 4):
 PSYoungGen      total 248832K, used 30363K [0x00000007aab00000, 0x00000007bfa80000, 0x00000007c0000000)
  eden space 160768K, 0% used [0x00000007aab00000,0x00000007aab00000,0x00000007b4800000)
  from space 88064K, 34% used [0x00000007b4800000,0x00000007b65a6e28,0x00000007b9e00000)
  to   space 86528K, 0% used [0x00000007ba600000,0x00000007ba600000,0x00000007bfa80000)
 ParOldGen       total 699392K, used 357251K [0x0000000780000000, 0x00000007aab00000, 0x00000007aab00000)
  object space 699392K, 51% used [0x0000000780000000,0x0000000795ce0fe0,0x00000007aab00000)
 Metaspace       used 115319K, capacity 119766K, committed 120064K, reserved 1157120K
  class space    used 11204K, capacity 12691K, committed 12800K, reserved 1048576K
}
Event: 460.595 GC heap before
{Heap before GC invocations=58 (full 4):
 PSYoungGen      total 248832K, used 191131K [0x00000007aab00000, 0x00000007bfa80000, 0x00000007c0000000)
  eden space 160768K, 100% used [0x00000007aab00000,0x00000007b4800000,0x00000007b4800000)
  from space 88064K, 34% used [0x00000007b4800000,0x00000007b65a6e28,0x00000007b9e00000)
  to   space 86528K, 0% used [0x00000007ba600000,0x00000007ba600000,0x00000007bfa80000)
 ParOldGen       total 699392K, used 357251K [0x0000000780000000, 0x00000007aab00000, 0x00000007aab00000)
  object space 699392K, 51% used [0x0000000780000000,0x0000000795ce0fe0,0x00000007aab00000)
 Metaspace       used 115538K, capacity 120142K, committed 120320K, reserved 1157120K
  class space    used 11233K, capacity 12760K, committed 12800K, reserved 1048576K
Event: 460.611 GC heap after
Heap after GC invocations=58 (full 4):
 PSYoungGen      total 258048K, used 26955K [0x00000007aab00000, 0x00000007bfc00000, 0x00000007c0000000)
  eden space 171520K, 0% used [0x00000007aab00000,0x00000007aab00000,0x00000007b5280000)
  from space 86528K, 31% used [0x00000007ba600000,0x00000007bc052dc0,0x00000007bfa80000)
  to   space 85504K, 0% used [0x00000007b5280000,0x00000007b5280000,0x00000007ba600000)
 ParOldGen       total 699392K, used 361618K [0x0000000780000000, 0x00000007aab00000, 0x00000007aab00000)
  object space 699392K, 51% used [0x0000000780000000,0x0000000796124878,0x00000007aab00000)
 Metaspace       used 115538K, capacity 120142K, committed 120320K, reserved 1157120K
  class space    used 11233K, capacity 12760K, committed 12800K, reserved 1048576K
}
Event: 642.537 GC heap before
{Heap before GC invocations=59 (full 4):
 PSYoungGen      total 258048K, used 198475K [0x00000007aab00000, 0x00000007bfc00000, 0x00000007c0000000)
  eden space 171520K, 100% used [0x00000007aab00000,0x00000007b5280000,0x00000007b5280000)
  from space 86528K, 31% used [0x00000007ba600000,0x00000007bc052dc0,0x00000007bfa80000)
  to   space 85504K, 0% used [0x00000007b5280000,0x00000007b5280000,0x00000007ba600000)
 ParOldGen       total 699392K, used 361618K [0x0000000780000000, 0x00000007aab00000, 0x00000007aab00000)
  object space 699392K, 51% used [0x0000000780000000,0x0000000796124878,0x00000007aab00000)
 Metaspace       used 115875K, capacity 120606K, committed 120832K, reserved 1157120K
  class space    used 11259K, capacity 12784K, committed 12800K, reserved 1048576K
Event: 642.621 GC heap after
Heap after GC invocations=59 (full 4):
 PSYoungGen      total 257024K, used 26999K [0x00000007aab00000, 0x00000007bfc00000, 0x00000007c0000000)
  eden space 171520K, 0% used [0x00000007aab00000,0x00000007aab00000,0x00000007b5280000)
  from space 85504K, 31% used [0x00000007b5280000,0x00000007b6cddf30,0x00000007ba600000)
  to   space 83968K, 0% used [0x00000007baa00000,0x00000007baa00000,0x00000007bfc00000)
 ParOldGen       total 699392K, used 364501K [0x0000000780000000, 0x00000007aab00000, 0x00000007aab00000)
  object space 699392K, 52% used [0x0000000780000000,0x00000007963f5478,0x00000007aab00000)
 Metaspace       used 115875K, capacity 120606K, committed 120832K, reserved 1157120K
  class space    used 11259K, capacity 12784K, committed 12800K, reserved 1048576K
}
Event: 701.519 GC heap before
{Heap before GC invocations=60 (full 4):
 PSYoungGen      total 257024K, used 198519K [0x00000007aab00000, 0x00000007bfc00000, 0x00000007c0000000)
  eden space 171520K, 100% used [0x00000007aab00000,0x00000007b5280000,0x00000007b5280000)
  from space 85504K, 31% used [0x00000007b5280000,0x00000007b6cddf30,0x00000007ba600000)
  to   space 83968K, 0% used [0x00000007baa00000,0x00000007baa00000,0x00000007bfc00000)
 ParOldGen       total 699392K, used 364501K [0x0000000780000000, 0x00000007aab00000, 0x00000007aab00000)
  object space 699392K, 52% used [0x0000000780000000,0x00000007963f5478,0x00000007aab00000)
 Metaspace       used 115892K, capacity 120612K, committed 120832K, reserved 1157120K
  class space    used 11259K, capacity 12785K, committed 12800K, reserved 1048576K
Event: 701.545 GC heap after
Heap after GC invocations=60 (full 4):
 PSYoungGen      total 261120K, used 29014K [0x00000007aab00000, 0x00000007bf980000, 0x00000007c0000000)
  eden space 179712K, 0% used [0x00000007aab00000,0x00000007aab00000,0x00000007b5a80000)
  from space 81408K, 35% used [0x00000007baa00000,0x00000007bc655860,0x00000007bf980000)
  to   space 81408K, 0% used [0x00000007b5a80000,0x00000007b5a80000,0x00000007baa00000)
 ParOldGen       total 699392K, used 364773K [0x0000000780000000, 0x00000007aab00000, 0x00000007aab00000)
  object space 699392K, 52% used [0x0000000780000000,0x00000007964394a8,0x00000007aab00000)
 Metaspace       used 115892K, capacity 120612K, committed 120832K, reserved 1157120K
  class space    used 11259K, capacity 12785K, committed 12800K, reserved 1048576K
}
Event: 829.947 GC heap before
{Heap before GC invocations=61 (full 4):
 PSYoungGen      total 261120K, used 208726K [0x00000007aab00000, 0x00000007bf980000, 0x00000007c0000000)
  eden space 179712K, 100% used [0x00000007aab00000,0x00000007b5a80000,0x00000007b5a80000)
  from space 81408K, 35% used [0x00000007baa00000,0x00000007bc655860,0x00000007bf980000)
  to   space 81408K, 0% used [0x00000007b5a80000,0x00000007b5a80000,0x00000007baa00000)
 ParOldGen       total 699392K, used 364773K [0x0000000780000000, 0x00000007aab00000, 0x00000007aab00000)
  object space 699392K, 52% used [0x0000000780000000,0x00000007964394a8,0x00000007aab00000)
 Metaspace       used 116205K, capacity 120940K, committed 121088K, reserved 1157120K
  class space    used 11279K, capacity 12799K, committed 12800K, reserved 1048576K
Event: 829.974 GC heap after
Heap after GC invocations=61 (full 4):
 PSYoungGen      total 261120K, used 27564K [0x00000007aab00000, 0x00000007bfc00000, 0x00000007c0000000)
  eden space 179712K, 0% used [0x00000007aab00000,0x00000007aab00000,0x00000007b5a80000)
  from space 81408K, 33% used [0x00000007b5a80000,0x00000007b756b188,0x00000007baa00000)
  to   space 79360K, 0% used [0x00000007bae80000,0x00000007bae80000,0x00000007bfc00000)
 ParOldGen       total 699392K, used 366813K [0x0000000780000000, 0x00000007aab00000, 0x00000007aab00000)
  object space 699392K, 52% used [0x0000000780000000,0x00000007966375b0,0x00000007aab00000)
 Metaspace       used 116205K, capacity 120940K, committed 121088K, reserved 1157120K
  class space    used 11279K, capacity 12799K, committed 12800K, reserved 1048576K
}

